<?xml version="1.0" encoding="UTF-8"?>
<!-- Generated by org.testng.reporters.JUnitXMLReporter -->
<testsuite ignored="1" hostname="IT0126-SIMI" failures="0" tests="2" name="Chrome Tests" time="19.927" errors="0" timestamp="2026-05-20T22:43:19 SAST">
  <testcase classname="com.ombudsman.test.ui.RegisterTest" name="registerFormTest" time="10.575"/>
  <testcase classname="com.ombudsman.test.ui.LandingPageTest" name="loginTest" time="14.354"/>
  <testcase classname="com.ombudsman.base.BaseClass" name="@BeforeSuite loadConfig" time="0.0">
    <ignored/>
  </testcase> <!-- @BeforeSuite loadConfig -->
</testsuite> <!-- Chrome Tests -->
