<?xml version="1.0" encoding="UTF-8"?>
<!-- Generated by org.testng.reporters.JUnitXMLReporter -->
<testsuite ignored="0" hostname="IT0126-SIMI" failures="2" tests="2" name="E2E" time="91.845" errors="0" timestamp="2026-05-20T22:26:40 SAST">
  <testcase classname="com.ombudsman.test.ui.LandingPageTest" name="loginTest" time="82.742">
    <failure type="java.lang.AssertionError" message=" welcome message should be visible after successfull clicking login button expected [true] but found [false]">
      <![CDATA[java.lang.AssertionError:  welcome message should be visible after successfull clicking login button expected [true] but found [false]
at com.ombudsman.test.ui.LandingPageTest.loginTest(LandingPageTest.java:80)
at java.base/java.util.concurrent.Executors$RunnableAdapter.call(Executors.java:572)
at java.base/java.util.concurrent.FutureTask.run(FutureTask.java:317)
at java.base/java.util.concurrent.ThreadPoolExecutor.runWorker(ThreadPoolExecutor.java:1144)
at java.base/java.util.concurrent.ThreadPoolExecutor$Worker.run(ThreadPoolExecutor.java:642)
at java.base/java.lang.Thread.run(Thread.java:1583)
... Removed 14 stack frames]]>
    </failure>
  </testcase> <!-- loginTest -->
  <testcase classname="com.ombudsman.test.ui.LandingPageTest" name="registerFormTest" time="79.707">
    <failure type="java.lang.AssertionError" message=" Error message after clicking register button expected [true] but found [false]">
      <![CDATA[java.lang.AssertionError:  Error message after clicking register button expected [true] but found [false]
at com.ombudsman.test.ui.LandingPageTest.registerFormTest(LandingPageTest.java:49)
at java.base/java.util.concurrent.Executors$RunnableAdapter.call(Executors.java:572)
at java.base/java.util.concurrent.FutureTask.run(FutureTask.java:317)
at java.base/java.util.concurrent.ThreadPoolExecutor.runWorker(ThreadPoolExecutor.java:1144)
at java.base/java.util.concurrent.ThreadPoolExecutor$Worker.run(ThreadPoolExecutor.java:642)
at java.base/java.lang.Thread.run(Thread.java:1583)
... Removed 14 stack frames]]>
    </failure>
  </testcase> <!-- registerFormTest -->
</testsuite> <!-- E2E -->
