<?xml version="1.0" encoding="UTF-8"?>
<!-- Generated by org.testng.reporters.JUnitXMLReporter -->
<testsuite ignored="1" hostname="IT0126-SIMI" failures="0" tests="2" name="Firefox Tests" time="19.044" errors="0" timestamp="2026-05-20T22:43:38 SAST">
  <testcase classname="com.ombudsman.test.ui.RegisterTest" name="registerFormTest" time="6.727"/>
  <testcase classname="com.ombudsman.test.ui.LandingPageTest" name="loginTest" time="11.132"/>
  <testcase classname="com.ombudsman.base.BaseClass" name="@BeforeSuite loadConfig" time="0.0">
    <ignored/>
  </testcase> <!-- @BeforeSuite loadConfig -->
</testsuite> <!-- Firefox Tests -->
