<?xml version="1.0" encoding="UTF-8"?>
<testsuite xmlns:xsi="http://www.w3.org/2001/XMLSchema-instance" xsi:noNamespaceSchemaLocation="https://maven.apache.org/surefire/maven-surefire-plugin/xsd/surefire-test-report-3.0.xsd" version="3.0" name="TestSuite" time="37.645" tests="4" errors="0" skipped="0" failures="0">
  <properties>
[...]
</properties>
  <testcase name="registerFormTest" classname="com.ombudsman.test.ui.RegisterTest" time="10.478">
    <system-out><![CDATA[2026-05-20T20:45:57.690096300Z main WARN No Root logger was configured, creating default ERROR-level Root logger with Console appender
opening ombudsman login page
opening Ombudsman Register
]]></system-out>
    <system-err><![CDATA[SLF4J: Failed to load class "org.slf4j.impl.StaticLoggerBinder".
SLF4J: Defaulting to no-operation (NOP) logger implementation
SLF4J: See http://www.slf4j.org/codes.html#StaticLoggerBinder for further details.
May 20, 2026 10:46:01 PM org.openqa.selenium.devtools.CdpVersionFinder findNearestMatch
WARNING: Unable to find an exact match for CDP version 148, returning the closest version; found: 147; Please update to a Selenium version that supports CDP version 148
May 20, 2026 10:46:01 PM org.openqa.selenium.devtools.CdpVersionFinder findNearestMatch
WARNING: Unable to find an exact match for CDP version 148, returning the closest version; found: 147; Please update to a Selenium version that supports CDP version 148
]]></system-err>
  </testcase>
  <testcase name="registerFormTest" classname="com.ombudsman.test.ui.RegisterTest" time="7.12">
    <system-out><![CDATA[opening ombudsman login page
opening Ombudsman Register
]]></system-out>
  </testcase>
  <testcase name="loginTest" classname="com.ombudsman.test.ui.LandingPageTest" time="14.248"/>
  <testcase name="loginTest" classname="com.ombudsman.test.ui.LandingPageTest" time="11.381"/>
</testsuite>