<?xml version="1.0" encoding="UTF-8"?>
<testng-results ignored="0" total="4" passed="4" failed="0" skipped="0">
  <reporter-output>
  </reporter-output>
  <suite started-at="2026-05-20T22:42:59 SAST" name="Ombudsman" finished-at="2026-05-20T22:43:38 SAST" duration-ms="39373">
    <groups>
    </groups>
    <test started-at="2026-05-20T22:42:59 SAST" name="Chrome Tests" finished-at="2026-05-20T22:43:19 SAST" duration-ms="19927">
      <class name="com.ombudsman.test.ui.RegisterTest">
        <test-method is-config="true" signature="setup(java.lang.String)[pri:0, instance:com.ombudsman.test.ui.RegisterTest@2a76840c]" started-at="2026-05-20T22:42:59 SAST" name="setup" finished-at="2026-05-20T22:43:04 SAST" duration-ms="5038" status="PASS">
          <params>
            <param index="0">
              <value>
                <![CDATA[chrome]]>
              </value>
            </param>
          </params>
          <reporter-output>
          </reporter-output>
        </test-method> <!-- setup -->
        <test-method is-config="true" signature="setupPages()[pri:0, instance:com.ombudsman.test.ui.RegisterTest@2a76840c]" started-at="2026-05-20T22:43:04 SAST" name="setupPages" finished-at="2026-05-20T22:43:04 SAST" duration-ms="11" status="PASS">
          <reporter-output>
          </reporter-output>
        </test-method> <!-- setupPages -->
        <test-method signature="registerFormTest()[pri:1, instance:com.ombudsman.test.ui.RegisterTest@2a76840c]" started-at="2026-05-20T22:43:04 SAST" name="registerFormTest" finished-at="2026-05-20T22:43:15 SAST" duration-ms="10575" status="PASS">
          <reporter-output>
          </reporter-output>
        </test-method> <!-- registerFormTest -->
        <test-method is-config="true" signature="tearDown()[pri:0, instance:com.ombudsman.test.ui.RegisterTest@2a76840c]" started-at="2026-05-20T22:43:15 SAST" name="tearDown" finished-at="2026-05-20T22:43:17 SAST" duration-ms="1717" status="PASS">
          <reporter-output>
          </reporter-output>
        </test-method> <!-- tearDown -->
      </class> <!-- com.ombudsman.test.ui.RegisterTest -->
      <class name="com.ombudsman.test.ui.LandingPageTest">
        <test-method is-config="true" signature="setup(java.lang.String)[pri:0, instance:com.ombudsman.test.ui.LandingPageTest@7d64e326]" started-at="2026-05-20T22:42:59 SAST" name="setup" finished-at="2026-05-20T22:43:04 SAST" duration-ms="5041" status="PASS">
          <params>
            <param index="0">
              <value>
                <![CDATA[chrome]]>
              </value>
            </param>
          </params>
          <reporter-output>
          </reporter-output>
        </test-method> <!-- setup -->
        <test-method is-config="true" signature="setupPages()[pri:0, instance:com.ombudsman.test.ui.LandingPageTest@7d64e326]" started-at="2026-05-20T22:43:04 SAST" name="setupPages" finished-at="2026-05-20T22:43:04 SAST" duration-ms="9" status="PASS">
          <reporter-output>
          </reporter-output>
        </test-method> <!-- setupPages -->
        <test-method signature="loginTest()[pri:2, instance:com.ombudsman.test.ui.LandingPageTest@7d64e326]" started-at="2026-05-20T22:43:04 SAST" name="loginTest" finished-at="2026-05-20T22:43:19 SAST" duration-ms="14354" status="PASS">
          <reporter-output>
          </reporter-output>
        </test-method> <!-- loginTest -->
        <test-method is-config="true" signature="tearDown()[pri:0, instance:com.ombudsman.test.ui.LandingPageTest@7d64e326]" started-at="2026-05-20T22:43:19 SAST" name="tearDown" finished-at="2026-05-20T22:43:19 SAST" duration-ms="229" status="PASS">
          <reporter-output>
          </reporter-output>
        </test-method> <!-- tearDown -->
      </class> <!-- com.ombudsman.test.ui.LandingPageTest -->
    </test> <!-- Chrome Tests -->
    <test started-at="2026-05-20T22:43:19 SAST" name="Firefox Tests" finished-at="2026-05-20T22:43:38 SAST" duration-ms="19044">
      <class name="com.ombudsman.test.ui.RegisterTest">
        <test-method is-config="true" signature="loadConfig()[pri:0, instance:com.ombudsman.test.ui.RegisterTest@42721fe]" started-at="2026-05-20T22:42:59 SAST" name="loadConfig" finished-at="2026-05-20T22:42:59 SAST" duration-ms="13" status="PASS">
          <reporter-output>
          </reporter-output>
        </test-method> <!-- loadConfig -->
        <test-method is-config="true" signature="setup(java.lang.String)[pri:0, instance:com.ombudsman.test.ui.RegisterTest@42721fe]" started-at="2026-05-20T22:43:19 SAST" name="setup" finished-at="2026-05-20T22:43:27 SAST" duration-ms="7254" status="PASS">
          <params>
            <param index="0">
              <value>
                <![CDATA[firefox]]>
              </value>
            </param>
          </params>
          <reporter-output>
          </reporter-output>
        </test-method> <!-- setup -->
        <test-method is-config="true" signature="setupPages()[pri:0, instance:com.ombudsman.test.ui.RegisterTest@42721fe]" started-at="2026-05-20T22:43:27 SAST" name="setupPages" finished-at="2026-05-20T22:43:27 SAST" duration-ms="1" status="PASS">
          <reporter-output>
          </reporter-output>
        </test-method> <!-- setupPages -->
        <test-method signature="registerFormTest()[pri:1, instance:com.ombudsman.test.ui.RegisterTest@42721fe]" started-at="2026-05-20T22:43:27 SAST" name="registerFormTest" finished-at="2026-05-20T22:43:33 SAST" duration-ms="6727" status="PASS">
          <reporter-output>
          </reporter-output>
        </test-method> <!-- registerFormTest -->
        <test-method is-config="true" signature="tearDown()[pri:0, instance:com.ombudsman.test.ui.RegisterTest@42721fe]" started-at="2026-05-20T22:43:33 SAST" name="tearDown" finished-at="2026-05-20T22:43:34 SAST" duration-ms="920" status="PASS">
          <reporter-output>
          </reporter-output>
        </test-method> <!-- tearDown -->
      </class> <!-- com.ombudsman.test.ui.RegisterTest -->
      <class name="com.ombudsman.test.ui.LandingPageTest">
        <test-method is-config="true" signature="setup(java.lang.String)[pri:0, instance:com.ombudsman.test.ui.LandingPageTest@40844aab]" started-at="2026-05-20T22:43:19 SAST" name="setup" finished-at="2026-05-20T22:43:27 SAST" duration-ms="7239" status="PASS">
          <params>
            <param index="0">
              <value>
                <![CDATA[firefox]]>
              </value>
            </param>
          </params>
          <reporter-output>
          </reporter-output>
        </test-method> <!-- setup -->
        <test-method is-config="true" signature="setupPages()[pri:0, instance:com.ombudsman.test.ui.LandingPageTest@40844aab]" started-at="2026-05-20T22:43:27 SAST" name="setupPages" finished-at="2026-05-20T22:43:27 SAST" duration-ms="2" status="PASS">
          <reporter-output>
          </reporter-output>
        </test-method> <!-- setupPages -->
        <test-method signature="loginTest()[pri:2, instance:com.ombudsman.test.ui.LandingPageTest@40844aab]" started-at="2026-05-20T22:43:27 SAST" name="loginTest" finished-at="2026-05-20T22:43:38 SAST" duration-ms="11132" status="PASS">
          <reporter-output>
          </reporter-output>
        </test-method> <!-- loginTest -->
        <test-method is-config="true" signature="tearDown()[pri:0, instance:com.ombudsman.test.ui.LandingPageTest@40844aab]" started-at="2026-05-20T22:43:38 SAST" name="tearDown" finished-at="2026-05-20T22:43:38 SAST" duration-ms="595" status="PASS">
          <reporter-output>
          </reporter-output>
        </test-method> <!-- tearDown -->
      </class> <!-- com.ombudsman.test.ui.LandingPageTest -->
    </test> <!-- Firefox Tests -->
  </suite> <!-- Ombudsman -->
</testng-results>
