<?xml version="1.0" encoding="UTF-8"?>
<testng-results ignored="0" total="2" passed="2" failed="0" skipped="0">
  <reporter-output>
  </reporter-output>
  <suite started-at="2026-05-20T21:15:57 SAST" name="Ombudsman" finished-at="2026-05-20T21:16:28 SAST" duration-ms="31671">
    <groups>
    </groups>
    <test started-at="2026-05-20T21:15:57 SAST" name="E2E" finished-at="2026-05-20T21:16:28 SAST" duration-ms="31671">
      <class name="com.ombudsman.test.ui.LandingPageTest">
        <test-method is-config="true" signature="loadConfig()[pri:0, instance:com.ombudsman.test.ui.LandingPageTest@46268f08]" started-at="2026-05-20T21:15:57 SAST" name="loadConfig" finished-at="2026-05-20T21:15:57 SAST" duration-ms="29" status="PASS">
          <reporter-output>
          </reporter-output>
        </test-method> <!-- loadConfig -->
        <test-method is-config="true" signature="setup(java.lang.String)[pri:0, instance:com.ombudsman.test.ui.LandingPageTest@46268f08]" started-at="2026-05-20T21:15:57 SAST" name="setup" finished-at="2026-05-20T21:16:02 SAST" duration-ms="4953" status="PASS">
          <params>
            <param index="0">
              <value>
                <![CDATA[firefox]]>
              </value>
            </param>
          </params>
          <reporter-output>
          </reporter-output>
        </test-method> <!-- setup -->
        <test-method is-config="true" signature="setupPages()[pri:0, instance:com.ombudsman.test.ui.LandingPageTest@46268f08]" started-at="2026-05-20T21:16:02 SAST" name="setupPages" finished-at="2026-05-20T21:16:02 SAST" duration-ms="135" status="PASS">
          <reporter-output>
          </reporter-output>
        </test-method> <!-- setupPages -->
        <test-method signature="loginTest()[pri:0, instance:com.ombudsman.test.ui.LandingPageTest@46268f08]" started-at="2026-05-20T21:16:02 SAST" name="loginTest" finished-at="2026-05-20T21:16:18 SAST" duration-ms="15924" status="PASS">
          <reporter-output>
          </reporter-output>
        </test-method> <!-- loginTest -->
        <test-method is-config="true" signature="tearDown()[pri:0, instance:com.ombudsman.test.ui.LandingPageTest@46268f08]" started-at="2026-05-20T21:16:18 SAST" name="tearDown" finished-at="2026-05-20T21:16:18 SAST" duration-ms="418" status="PASS">
          <reporter-output>
          </reporter-output>
        </test-method> <!-- tearDown -->
        <test-method is-config="true" signature="setup(java.lang.String)[pri:0, instance:com.ombudsman.test.ui.LandingPageTest@46268f08]" started-at="2026-05-20T21:16:18 SAST" name="setup" finished-at="2026-05-20T21:16:22 SAST" duration-ms="3228" status="PASS">
          <params>
            <param index="0">
              <value>
                <![CDATA[firefox]]>
              </value>
            </param>
          </params>
          <reporter-output>
          </reporter-output>
        </test-method> <!-- setup -->
        <test-method is-config="true" signature="setupPages()[pri:0, instance:com.ombudsman.test.ui.LandingPageTest@46268f08]" started-at="2026-05-20T21:16:22 SAST" name="setupPages" finished-at="2026-05-20T21:16:22 SAST" duration-ms="1" status="PASS">
          <reporter-output>
          </reporter-output>
        </test-method> <!-- setupPages -->
        <test-method signature="registerFormTest()[pri:0, instance:com.ombudsman.test.ui.LandingPageTest@46268f08]" started-at="2026-05-20T21:16:22 SAST" name="registerFormTest" finished-at="2026-05-20T21:16:28 SAST" duration-ms="6080" status="PASS">
          <reporter-output>
          </reporter-output>
        </test-method> <!-- registerFormTest -->
        <test-method is-config="true" signature="tearDown()[pri:0, instance:com.ombudsman.test.ui.LandingPageTest@46268f08]" started-at="2026-05-20T21:16:28 SAST" name="tearDown" finished-at="2026-05-20T21:16:28 SAST" duration-ms="537" status="PASS">
          <reporter-output>
          </reporter-output>
        </test-method> <!-- tearDown -->
      </class> <!-- com.ombudsman.test.ui.LandingPageTest -->
    </test> <!-- E2E -->
  </suite> <!-- Ombudsman -->
</testng-results>
