<?xml version="1.0" encoding="UTF-8"?>
<!-- Generated by org.testng.reporters.JUnitReportReporter -->
<testsuite hostname="IT0126-SIMI" failures="0" tests="2" name="com.ombudsman.test.ui.LandingPageTest" time="38.601" errors="0" timestamp="2026-05-20T22:43:39 SAST" skipped="0">
  <testcase classname="com.ombudsman.test.ui.LandingPageTest" name="loginTest" time="19.633"/>
  <testcase classname="com.ombudsman.test.ui.LandingPageTest" name="loginTest" time="18.968"/>
</testsuite> <!-- com.ombudsman.test.ui.LandingPageTest -->
