<?xml version="1.0" encoding="UTF-8"?>
<!-- Generated by org.testng.reporters.JUnitReportReporter -->
<testsuite hostname="IT0126-SIMI" failures="0" tests="2" name="com.ombudsman.test.ui.RegisterTest" time="32.243" errors="0" timestamp="2026-05-20T22:43:39 SAST" skipped="0">
  <testcase classname="com.ombudsman.test.ui.RegisterTest" name="registerFormTest" time="14.902"/>
  <testcase classname="com.ombudsman.test.ui.RegisterTest" name="registerFormTest" time="17.341"/>
</testsuite> <!-- com.ombudsman.test.ui.RegisterTest -->
