<?xml version="1.0" encoding="UTF-8"?>
<!-- Generated by org.testng.reporters.JUnitReportReporter -->
<testsuite hostname="IT0126-SIMI" failures="0" tests="2" name="com.ombudsman.test.ui.LandingPageTest" time="31.551" errors="0" timestamp="2026-05-20T21:24:01 SAST" skipped="0">
  <testcase classname="com.ombudsman.test.ui.LandingPageTest" name="loginTest" time="20.587"/>
  <testcase classname="com.ombudsman.test.ui.LandingPageTest" name="registerFormTest" time="10.964"/>
</testsuite> <!-- com.ombudsman.test.ui.LandingPageTest -->
