<?xml version="1.0" encoding="UTF-8"?>
<!-- Generated by org.testng.reporters.JUnitReportReporter -->
<testsuite hostname="IT0126-SIMI" failures="0" tests="2" name="com.ombudsman.test.ui.RegisterTest" time="27.104" errors="0" timestamp="2026-05-20T22:46:34 SAST" skipped="0">
  <testcase classname="com.ombudsman.test.ui.RegisterTest" name="registerFormTest" time="12.431"/>
  <testcase classname="com.ombudsman.test.ui.RegisterTest" name="registerFormTest" time="14.673"/>
</testsuite> <!-- com.ombudsman.test.ui.RegisterTest -->
