<?xml version="1.0" encoding="UTF-8"?>
<!-- Generated by org.testng.reporters.JUnitXMLReporter -->
<testsuite ignored="0" hostname="IT0126-SIMI" failures="1" tests="1" name="E2E" time="4.515" errors="0" timestamp="2026-05-20T14:17:04 SAST">
  <testcase classname="com.ombudsman.test.ui.LandingPageTest" name="veryfyLoginTest" time="0.014">
    <failure type="java.lang.NullPointerException" message="Cannot invoke &amp;quot;com.aventstack.extentreports.ExtentTest.info(String)&amp;quot; because the return value of &amp;quot;com.ombudsman.utils.ExtentManager.getTest()&amp;quot; is null">
      <![CDATA[java.lang.NullPointerException: Cannot invoke "com.aventstack.extentreports.ExtentTest.info(String)" because the return value of "com.ombudsman.utils.ExtentManager.getTest()" is null
at com.ombudsman.utils.ExtentManager.logStep(ExtentManager.java:192)
at com.ombudsman.test.ui.LandingPageTest.veryfyLoginTest(LandingPageTest.java:24)
at java.base/java.util.ArrayList.forEach(ArrayList.java:1596)
... Removed 25 stack frames]]>
    </failure>
  </testcase> <!-- veryfyLoginTest -->
</testsuite> <!-- E2E -->
